<?xml version="1.0" encoding="UTF-8"?>
<coverage generated="1696441582909" clover="3.2.0">
  <project timestamp="1696441582909" name="All files">
    <metrics statements="27" coveredstatements="25" conditionals="3" coveredconditionals="2" methods="4" coveredmethods="4" elements="34" coveredelements="31" complexity="0" loc="27" ncloc="27" packages="1" files="3" classes="3"/>
    <file name="app.ts" path="/home/nilton/Documentos/TypeScript/curso-testes-unitarios/aula05/src/app.ts">
      <metrics statements="16" coveredstatements="14" conditionals="2" coveredconditionals="1" methods="2" coveredmethods="2"/>
      <line num="1" count="2" type="stmt"/>
      <line num="2" count="2" type="stmt"/>
      <line num="5" count="2" type="stmt"/>
      <line num="6" count="2" type="stmt"/>
      <line num="8" count="2" type="stmt"/>
      <line num="9" count="2" type="stmt"/>
      <line num="11" count="2" type="stmt"/>
      <line num="12" count="2" type="stmt"/>
      <line num="13" count="1" type="stmt"/>
      <line num="14" count="1" type="stmt"/>
      <line num="15" count="1" type="cond" truecount="1" falsecount="1"/>
      <line num="16" count="1" type="stmt"/>
      <line num="17" count="1" type="stmt"/>
      <line num="19" count="0" type="stmt"/>
      <line num="20" count="0" type="stmt"/>
      <line num="24" count="2" type="stmt"/>
    </file>
    <file name="protocols-generator.ts" path="/home/nilton/Documentos/TypeScript/curso-testes-unitarios/aula05/src/protocols-generator.ts">
      <metrics statements="3" coveredstatements="3" conditionals="0" coveredconditionals="0" methods="1" coveredmethods="1"/>
      <line num="1" count="3" type="stmt"/>
      <line num="3" count="3" type="stmt"/>
      <line num="4" count="2" type="stmt"/>
    </file>
    <file name="validator.ts" path="/home/nilton/Documentos/TypeScript/curso-testes-unitarios/aula05/src/validator.ts">
      <metrics statements="8" coveredstatements="8" conditionals="1" coveredconditionals="1" methods="1" coveredmethods="1"/>
      <line num="2" count="2" type="stmt"/>
      <line num="3" count="2" type="stmt"/>
      <line num="12" count="2" type="stmt"/>
      <line num="19" count="2" type="stmt"/>
      <line num="20" count="2" type="stmt"/>
      <line num="21" count="2" type="cond" truecount="1" falsecount="0"/>
      <line num="22" count="1" type="stmt"/>
      <line num="25" count="1" type="stmt"/>
    </file>
  </project>
</coverage>
