{"/home/nilton/Documentos/TypeScript/curso-testes-unitarios/aula05/src/app.ts": {"path":"/home/nilton/Documentos/TypeScript/curso-testes-unitarios/aula05/src/app.ts","statementMap":{"0":{"start":{"line":1,"column":0},"end":{"line":1,"column":59}},"1":{"start":{"line":2,"column":0},"end":{"line":2,"column":37}},"2":{"start":{"line":5,"column":0},"end":{"line":5,"column":53}},"3":{"start":{"line":6,"column":0},"end":{"line":6,"column":67}},"4":{"start":{"line":8,"column":12},"end":{"line":8,"column":21}},"5":{"start":{"line":9,"column":0},"end":{"line":9,"column":16}},"6":{"start":{"line":11,"column":0},"end":{"line":11,"column":69}},"7":{"start":{"line":11,"column":52},"end":{"line":11,"column":67}},"8":{"start":{"line":12,"column":0},"end":{"line":22,"column":3}},"9":{"start":{"line":13,"column":2},"end":{"line":21,"column":null}},"10":{"start":{"line":14,"column":55},"end":{"line":14,"column":79}},"11":{"start":{"line":15,"column":24},"end":{"line":15,"column":56}},"12":{"start":{"line":16,"column":21},"end":{"line":16,"column":81}},"13":{"start":{"line":17,"column":4},"end":{"line":17,"column":null}},"14":{"start":{"line":19,"column":4},"end":{"line":19,"column":23}},"15":{"start":{"line":20,"column":4},"end":{"line":20,"column":null}},"16":{"start":{"line":24,"column":0},"end":{"line":24,"column":19}}},"fnMap":{"0":{"name":"(anonymous_7)","decl":{"start":{"line":11,"column":19},"end":{"line":11,"column":20}},"loc":{"start":{"line":11,"column":52},"end":{"line":11,"column":67}}},"1":{"name":"(anonymous_8)","decl":{"start":{"line":12,"column":32},"end":{"line":12,"column":33}},"loc":{"start":{"line":12,"column":64},"end":{"line":22,"column":1}}}},"branchMap":{"0":{"loc":{"start":{"line":15,"column":24},"end":{"line":15,"column":56}},"type":"cond-expr","locations":[{"start":{"line":15,"column":44},"end":{"line":15,"column":48}},{"start":{"line":15,"column":51},"end":{"line":15,"column":56}}]}},"s":{"0":2,"1":2,"2":2,"3":2,"4":2,"5":2,"6":2,"7":1,"8":2,"9":1,"10":1,"11":1,"12":1,"13":1,"14":0,"15":0,"16":2},"f":{"0":1,"1":1},"b":{"0":[0,1]}}
,"/home/nilton/Documentos/TypeScript/curso-testes-unitarios/aula05/src/protocols-generator.ts": {"path":"/home/nilton/Documentos/TypeScript/curso-testes-unitarios/aula05/src/protocols-generator.ts","statementMap":{"0":{"start":{"line":1,"column":0},"end":{"line":1,"column":36}},"1":{"start":{"line":4,"column":2},"end":{"line":9,"column":null}},"2":{"start":{"line":3,"column":0},"end":{"line":3,"column":16}}},"fnMap":{"0":{"name":"generateProtocolForPacient","decl":{"start":{"line":3,"column":16},"end":{"line":3,"column":42}},"loc":{"start":{"line":3,"column":92},"end":{"line":10,"column":1}}}},"branchMap":{},"s":{"0":3,"1":2,"2":3},"f":{"0":2},"b":{}}
,"/home/nilton/Documentos/TypeScript/curso-testes-unitarios/aula05/src/validator.ts": {"path":"/home/nilton/Documentos/TypeScript/curso-testes-unitarios/aula05/src/validator.ts","statementMap":{"0":{"start":{"line":2,"column":0},"end":{"line":2,"column":37}},"1":{"start":{"line":3,"column":0},"end":{"line":3,"column":22}},"2":{"start":{"line":12,"column":22},"end":{"line":17,"column":2}},"3":{"start":{"line":20,"column":21},"end":{"line":20,"column":53}},"4":{"start":{"line":21,"column":2},"end":{"line":23,"column":null}},"5":{"start":{"line":22,"column":4},"end":{"line":22,"column":97}},"6":{"start":{"line":25,"column":2},"end":{"line":25,"column":9}},"7":{"start":{"line":19,"column":0},"end":{"line":19,"column":16}}},"fnMap":{"0":{"name":"validate","decl":{"start":{"line":19,"column":16},"end":{"line":19,"column":24}},"loc":{"start":{"line":19,"column":72},"end":{"line":26,"column":1}}}},"branchMap":{"0":{"loc":{"start":{"line":21,"column":2},"end":{"line":23,"column":null}},"type":"if","locations":[{"start":{"line":21,"column":2},"end":{"line":23,"column":null}}]}},"s":{"0":2,"1":2,"2":2,"3":2,"4":2,"5":1,"6":1,"7":2},"f":{"0":2},"b":{"0":[1]}}
}
