TN:
SF:src/app.ts
FN:11,(anonymous_7)
FN:12,(anonymous_8)
FNF:2
FNH:2
FNDA:1,(anonymous_7)
FNDA:1,(anonymous_8)
DA:1,2
DA:2,2
DA:5,2
DA:6,2
DA:8,2
DA:9,2
DA:11,2
DA:12,2
DA:13,1
DA:14,1
DA:15,1
DA:16,1
DA:17,1
DA:19,0
DA:20,0
DA:24,2
LF:16
LH:14
BRDA:15,0,0,0
BRDA:15,0,1,1
BRF:2
BRH:1
end_of_record
TN:
SF:src/protocols-generator.ts
FN:3,generateProtocolForPacient
FNF:1
FNH:1
FNDA:2,generateProtocolForPacient
DA:1,3
DA:3,3
DA:4,2
LF:3
LH:3
BRF:0
BRH:0
end_of_record
TN:
SF:src/validator.ts
FN:19,validate
FNF:1
FNH:1
FNDA:2,validate
DA:2,2
DA:3,2
DA:12,2
DA:19,2
DA:20,2
DA:21,2
DA:22,1
DA:25,1
LF:8
LH:8
BRDA:21,0,0,1
BRF:1
BRH:1
end_of_record
